<?xml version="1.0" encoding="UTF-8"?>
<testsuites name="Suiteone" time="48" tests="1" failures="0" errors="0">
   <testsuite name="Suiteone" tests="1" failures="0" errors="0" time="48" timestamp="2018-03-16 15:28:40" hostname="AbdullahRashid - 10.6.226.103" id="Test Suites/Suiteone">
      <properties>
         <property name="deviceName" value=""/>
         <property name="devicePlatform" value=""/>
         <property name="logFolder" value="/Users/abdullahrashid/Katalon Studio/Deal_Alert_UI_testing/Reports/Suiteone/20180316_152835"/>
         <property name="logFiles" value="/Users/abdullahrashid/Katalon Studio/Deal_Alert_UI_testing/Reports/Suiteone/20180316_152835/execution0.log"/>
         <property name="attachments" value=""/>
         <property name="hostName" value="AbdullahRashid - 10.6.226.103"/>
         <property name="os" value="Mac OS X 64bit"/>
         <property name="katalonVersion" value="5.3.1.1"/>
         <property name="browser" value="Chrome 65.0.3325.162"/>
         <property name="hostAddress" value="10.6.226.103"/>
         <property name="sessionId" value="524e4d9342d99d586e49f7eea1b36def"/>
         <property name="seleniumVersion" value="3.7.1"/>
         <property name="proxyInformation" value="ProxyInformation{proxyOption=NO_PROXY, proxyServerType=HTTP, password=, proxyServerAddress=, proxyServerPort=0}"/>
         <property name="platform" value="Mac OS X"/>
      </properties>
      <testcase name="Test Cases/Testing_Alert_First_page" classname="Test Cases/Testing_Alert_First_page" status="PASSED">
         <system-out><![CDATA[2018-03-16 15:28:42 - [TEST_CASE][PASSED] - Test Cases/Testing_Alert_First_page: Test Cases/Testing_Alert_First_page

2018-03-16 15:28:43 - [TEST_STEP][PASSED] - openBrowser: Browser is opened with url: ''

2018-03-16 15:28:49 - [MESSAGE][PASSED] - Browser is opened with url: ''

2018-03-16 15:28:49 - [TEST_STEP][PASSED] - navigateToUrl: Navigate to 'https://sso.dev.kargo.com/login?redirect_url=https:%2F%2Fdeal-alerts.dev.kargo.com' successfully

2018-03-16 15:29:00 - [MESSAGE][PASSED] - Navigate to 'https://sso.dev.kargo.com/login?redirect_url=https:%2F%2Fdeal-alerts.dev.kargo.com' successfully

2018-03-16 15:29:00 - [TEST_STEP][PASSED] - setText: Text 'kargoqa@gmail.com' is set on object 'Object Repository/Page_Kargo Login/input_username'

2018-03-16 15:29:01 - [MESSAGE][PASSED] - Text 'kargoqa@gmail.com' is set on object 'Object Repository/Page_Kargo Login/input_username'

2018-03-16 15:29:01 - [TEST_STEP][PASSED] - setText: Text 'K@rgo123!' is set on object 'Object Repository/Page_Kargo Login/input_password'

2018-03-16 15:29:01 - [MESSAGE][PASSED] - Text 'K@rgo123!' is set on object 'Object Repository/Page_Kargo Login/input_password'

2018-03-16 15:29:01 - [TEST_STEP][PASSED] - click: Object: 'Object Repository/Page_Kargo Login/button_Sign In' is clicked on

2018-03-16 15:29:02 - [MESSAGE][PASSED] - Object: 'Object Repository/Page_Kargo Login/button_Sign In' is clicked on

2018-03-16 15:29:02 - [TEST_STEP][PASSED] - click: Object: 'Object Repository/Page_Deal Alerts/span_Deal Stopped' is clicked on

2018-03-16 15:29:13 - [MESSAGE][PASSED] - Object: 'Object Repository/Page_Deal Alerts/span_Deal Stopped' is clicked on

2018-03-16 15:29:13 - [TEST_STEP][PASSED] - click: Object: 'Object Repository/Page_Deal Alerts/i_icon-home icon-24 icon--hove' is clicked on

2018-03-16 15:29:14 - [MESSAGE][PASSED] - Object: 'Object Repository/Page_Deal Alerts/i_icon-home icon-24 icon--hove' is clicked on

2018-03-16 15:29:14 - [TEST_STEP][PASSED] - click: Object: 'Object Repository/Page_Deal Alerts/span_DSP Stopped Buying' is clicked on

2018-03-16 15:29:15 - [MESSAGE][PASSED] - Object: 'Object Repository/Page_Deal Alerts/span_DSP Stopped Buying' is clicked on

2018-03-16 15:29:15 - [TEST_STEP][PASSED] - click: Object: 'Object Repository/Page_Deal Alerts/i_icon-home icon-24 icon--hove' is clicked on

2018-03-16 15:29:15 - [MESSAGE][PASSED] - Object: 'Object Repository/Page_Deal Alerts/i_icon-home icon-24 icon--hove' is clicked on

2018-03-16 15:29:15 - [TEST_STEP][PASSED] - click: Object: 'Object Repository/Page_Deal Alerts/span_DSP Has Bids Below The Fl' is clicked on

2018-03-16 15:29:16 - [MESSAGE][PASSED] - Object: 'Object Repository/Page_Deal Alerts/span_DSP Has Bids Below The Fl' is clicked on

2018-03-16 15:29:16 - [TEST_STEP][PASSED] - click: Object: 'Object Repository/Page_Deal Alerts/i_icon-home icon-24 icon--hove' is clicked on

2018-03-16 15:29:16 - [MESSAGE][PASSED] - Object: 'Object Repository/Page_Deal Alerts/i_icon-home icon-24 icon--hove' is clicked on

2018-03-16 15:29:16 - [TEST_STEP][PASSED] - click: Object: 'Object Repository/Page_Deal Alerts/span_DSP Bidding But Not Winni' is clicked on

2018-03-16 15:29:17 - [MESSAGE][PASSED] - Object: 'Object Repository/Page_Deal Alerts/span_DSP Bidding But Not Winni' is clicked on

2018-03-16 15:29:17 - [TEST_STEP][PASSED] - click: Object: 'Object Repository/Page_Deal Alerts/i_icon-home icon-24 icon--hove' is clicked on

2018-03-16 15:29:17 - [MESSAGE][PASSED] - Object: 'Object Repository/Page_Deal Alerts/i_icon-home icon-24 icon--hove' is clicked on

2018-03-16 15:29:17 - [TEST_STEP][PASSED] - click: Object: 'Object Repository/Page_Deal Alerts/span_DSP Revenue Decrease' is clicked on

2018-03-16 15:29:18 - [MESSAGE][PASSED] - Object: 'Object Repository/Page_Deal Alerts/span_DSP Revenue Decrease' is clicked on

2018-03-16 15:29:18 - [TEST_STEP][PASSED] - click: Object: 'Object Repository/Page_Deal Alerts/i_icon-home icon-24 icon--hove' is clicked on

2018-03-16 15:29:18 - [MESSAGE][PASSED] - Object: 'Object Repository/Page_Deal Alerts/i_icon-home icon-24 icon--hove' is clicked on

2018-03-16 15:29:18 - [TEST_STEP][PASSED] - click: Object: 'Object Repository/Page_Deal Alerts/span_Deal Bidding No Impressio' is clicked on

2018-03-16 15:29:19 - [MESSAGE][PASSED] - Object: 'Object Repository/Page_Deal Alerts/span_Deal Bidding No Impressio' is clicked on

2018-03-16 15:29:19 - [TEST_STEP][PASSED] - click: Object: 'Object Repository/Page_Deal Alerts/i_icon-home icon-24 icon--hove' is clicked on

2018-03-16 15:29:20 - [MESSAGE][PASSED] - Object: 'Object Repository/Page_Deal Alerts/i_icon-home icon-24 icon--hove' is clicked on

2018-03-16 15:29:20 - [TEST_STEP][PASSED] - click: Object: 'Object Repository/Page_Deal Alerts/span_DSP Bid Response Decrease' is clicked on

2018-03-16 15:29:20 - [MESSAGE][PASSED] - Object: 'Object Repository/Page_Deal Alerts/span_DSP Bid Response Decrease' is clicked on

2018-03-16 15:29:20 - [TEST_STEP][PASSED] - click: Object: 'Object Repository/Page_Deal Alerts/i_icon-home icon-24 icon--hove' is clicked on

2018-03-16 15:29:20 - [MESSAGE][PASSED] - Object: 'Object Repository/Page_Deal Alerts/i_icon-home icon-24 icon--hove' is clicked on

2018-03-16 15:29:20 - [TEST_STEP][PASSED] - click: Object: 'Object Repository/Page_Deal Alerts/span_Deal Has Not Started Bidd' is clicked on

2018-03-16 15:29:21 - [MESSAGE][PASSED] - Object: 'Object Repository/Page_Deal Alerts/span_Deal Has Not Started Bidd' is clicked on

2018-03-16 15:29:21 - [TEST_STEP][PASSED] - click: Object: 'Object Repository/Page_Deal Alerts/i_icon-home icon-24 icon--hove' is clicked on

2018-03-16 15:29:21 - [MESSAGE][PASSED] - Object: 'Object Repository/Page_Deal Alerts/i_icon-home icon-24 icon--hove' is clicked on

2018-03-16 15:29:21 - [TEST_STEP][PASSED] - click: Object: 'Object Repository/Page_Deal Alerts/span_Deal Bid Response Decreas' is clicked on

2018-03-16 15:29:22 - [MESSAGE][PASSED] - Object: 'Object Repository/Page_Deal Alerts/span_Deal Bid Response Decreas' is clicked on

2018-03-16 15:29:22 - [TEST_STEP][PASSED] - click: Object: 'Object Repository/Page_Deal Alerts/i_icon-home icon-24 icon--hove' is clicked on

2018-03-16 15:29:22 - [MESSAGE][PASSED] - Object: 'Object Repository/Page_Deal Alerts/i_icon-home icon-24 icon--hove' is clicked on

2018-03-16 15:29:22 - [TEST_STEP][PASSED] - click: Object: 'Object Repository/Page_Deal Alerts/span_Deal Revenue Decrease' is clicked on

2018-03-16 15:29:22 - [MESSAGE][PASSED] - Object: 'Object Repository/Page_Deal Alerts/span_Deal Revenue Decrease' is clicked on

2018-03-16 15:29:22 - [TEST_STEP][PASSED] - click: Object: 'Object Repository/Page_Deal Alerts/i_icon-home icon-24 icon--hove' is clicked on

2018-03-16 15:29:23 - [MESSAGE][PASSED] - Object: 'Object Repository/Page_Deal Alerts/i_icon-home icon-24 icon--hove' is clicked on

2018-03-16 15:29:23 - [TEST_STEP][PASSED] - click: Object: 'Object Repository/Page_Deal Alerts/span_Deal Started Spending' is clicked on

2018-03-16 15:29:23 - [MESSAGE][PASSED] - Object: 'Object Repository/Page_Deal Alerts/span_Deal Started Spending' is clicked on

2018-03-16 15:29:23 - [TEST_STEP][PASSED] - click: Object: 'Object Repository/Page_Deal Alerts/i_icon-home icon-24 icon--hove' is clicked on

2018-03-16 15:29:24 - [MESSAGE][PASSED] - Object: 'Object Repository/Page_Deal Alerts/i_icon-home icon-24 icon--hove' is clicked on

2018-03-16 15:29:24 - [TEST_STEP][PASSED] - click: Object: 'Object Repository/Page_Deal Alerts/span_No Bid Reason - BSW Black' is clicked on

2018-03-16 15:29:24 - [MESSAGE][PASSED] - Object: 'Object Repository/Page_Deal Alerts/span_No Bid Reason - BSW Black' is clicked on

2018-03-16 15:29:24 - [TEST_STEP][PASSED] - click: Object: 'Object Repository/Page_Deal Alerts/i_icon-home icon-24 icon--hove' is clicked on

2018-03-16 15:29:25 - [MESSAGE][PASSED] - Object: 'Object Repository/Page_Deal Alerts/i_icon-home icon-24 icon--hove' is clicked on

2018-03-16 15:29:25 - [TEST_STEP][PASSED] - click: Object: 'Object Repository/Page_Deal Alerts/span_Network Inactive Deals' is clicked on

2018-03-16 15:29:25 - [MESSAGE][PASSED] - Object: 'Object Repository/Page_Deal Alerts/span_Network Inactive Deals' is clicked on

2018-03-16 15:29:25 - [TEST_STEP][PASSED] - click: Object: 'Object Repository/Page_Deal Alerts/i_icon-home icon-24 icon--hove' is clicked on

2018-03-16 15:29:26 - [MESSAGE][PASSED] - Object: 'Object Repository/Page_Deal Alerts/i_icon-home icon-24 icon--hove' is clicked on

2018-03-16 15:29:26 - [TEST_STEP][PASSED] - click: Object: 'Object Repository/Page_Deal Alerts/span_Deal New Advertiser Start' is clicked on

2018-03-16 15:29:26 - [MESSAGE][PASSED] - Object: 'Object Repository/Page_Deal Alerts/span_Deal New Advertiser Start' is clicked on

2018-03-16 15:29:26 - [TEST_STEP][PASSED] - click: Object: 'Object Repository/Page_Deal Alerts/i_icon-home icon-24 icon--hove' is clicked on

2018-03-16 15:29:26 - [MESSAGE][PASSED] - Object: 'Object Repository/Page_Deal Alerts/i_icon-home icon-24 icon--hove' is clicked on

2018-03-16 15:29:26 - [TEST_STEP][PASSED] - click: Object: 'Object Repository/Page_Deal Alerts/span_Network Blacklist - Creat' is clicked on

2018-03-16 15:29:26 - [MESSAGE][PASSED] - Object: 'Object Repository/Page_Deal Alerts/span_Network Blacklist - Creat' is clicked on

2018-03-16 15:29:26 - [TEST_STEP][PASSED] - click: Object: 'Object Repository/Page_Deal Alerts/i_icon-home icon-24 icon--hove' is clicked on

2018-03-16 15:29:27 - [MESSAGE][PASSED] - Object: 'Object Repository/Page_Deal Alerts/i_icon-home icon-24 icon--hove' is clicked on

2018-03-16 15:29:27 - [TEST_STEP][PASSED] - click: Object: 'Object Repository/Page_Deal Alerts/span_Network Subscribe Inactiv' is clicked on

2018-03-16 15:29:27 - [MESSAGE][PASSED] - Object: 'Object Repository/Page_Deal Alerts/span_Network Subscribe Inactiv' is clicked on

2018-03-16 15:29:27 - [TEST_STEP][PASSED] - click: Object: 'Object Repository/Page_Deal Alerts/i_icon-home icon-24 icon--hove' is clicked on

2018-03-16 15:29:27 - [MESSAGE][PASSED] - Object: 'Object Repository/Page_Deal Alerts/i_icon-home icon-24 icon--hove' is clicked on

2018-03-16 15:29:27 - [TEST_STEP][PASSED] - click: Object: 'Object Repository/Page_Deal Alerts/span_Network Unsubscribe Inact' is clicked on

2018-03-16 15:29:28 - [MESSAGE][PASSED] - Object: 'Object Repository/Page_Deal Alerts/span_Network Unsubscribe Inact' is clicked on

2018-03-16 15:29:28 - [TEST_STEP][PASSED] - click: Object: 'Object Repository/Page_Deal Alerts/i_icon-home icon-24 icon--hove' is clicked on

2018-03-16 15:29:28 - [MESSAGE][PASSED] - Object: 'Object Repository/Page_Deal Alerts/i_icon-home icon-24 icon--hove' is clicked on

2018-03-16 15:29:28 - [TEST_STEP][PASSED] - click: Object: 'Object Repository/Page_Deal Alerts/span_New Advertiser Started Bi' is clicked on

2018-03-16 15:29:28 - [MESSAGE][PASSED] - Object: 'Object Repository/Page_Deal Alerts/span_New Advertiser Started Bi' is clicked on

2018-03-16 15:29:28 - [TEST_STEP][PASSED] - click: Object: 'Object Repository/Page_Deal Alerts/i_icon-home icon-24 icon--hove' is clicked on

2018-03-16 15:29:28 - [MESSAGE][PASSED] - Object: 'Object Repository/Page_Deal Alerts/i_icon-home icon-24 icon--hove' is clicked on

2018-03-16 15:29:28 - [TEST_STEP][PASSED] - click: Object: 'Object Repository/Page_Deal Alerts/span_Delivery Method Bid Respo' is clicked on

2018-03-16 15:29:29 - [MESSAGE][PASSED] - Object: 'Object Repository/Page_Deal Alerts/span_Delivery Method Bid Respo' is clicked on

2018-03-16 15:29:29 - [TEST_STEP][PASSED] - click: Object: 'Object Repository/Page_Deal Alerts/i_icon-home icon-24 icon--hove' is clicked on

2018-03-16 15:29:29 - [MESSAGE][PASSED] - Object: 'Object Repository/Page_Deal Alerts/i_icon-home icon-24 icon--hove' is clicked on

2018-03-16 15:29:29 - [TEST_STEP][PASSED] - closeBrowser: Browser is closed

2018-03-16 15:29:29 - [MESSAGE][PASSED] - Browser is closed]]></system-out>
         <system-err><![CDATA[]]></system-err>
      </testcase>
      <system-out><![CDATA[2018-03-16 15:28:40 - [TEST_SUITE][PASSED] - Suiteone: Test Cases/Testing_Alert_First_page]]></system-out>
      <system-err><![CDATA[]]></system-err>
   </testsuite>
</testsuites>
