<?xml version="1.0" encoding="UTF-8"?>
<testsuites name="Suiteone" time="40" tests="1" failures="0" errors="0">
   <testsuite name="Suiteone" tests="1" failures="0" errors="0" time="40" timestamp="2018-03-19 12:11:12" hostname="AbdullahRashid - 10.6.226.103" id="Test Suites/Suiteone">
      <properties>
         <property name="deviceName" value=""/>
         <property name="devicePlatform" value=""/>
         <property name="logFolder" value="/Users/abdullahrashid/Katalon Studio/Deal_Alert_UI_testing/Reports/Suiteone/20180319_121106"/>
         <property name="logFiles" value="/Users/abdullahrashid/Katalon Studio/Deal_Alert_UI_testing/Reports/Suiteone/20180319_121106/execution0.log"/>
         <property name="attachments" value="/Users/abdullahrashid/Katalon Studio/Deal_Alert_UI_testing/Reports/Suiteone/20180319_121106/1521475899076.png"/>
         <property name="hostName" value="AbdullahRashid - 10.6.226.103"/>
         <property name="os" value="Mac OS X 64bit"/>
         <property name="katalonVersion" value="5.3.1.1"/>
         <property name="browser" value="Chrome 65.0.3325.162"/>
         <property name="hostAddress" value="10.6.226.103"/>
         <property name="sessionId" value="11a365c671d1505e15d2f09ac41d6dc4"/>
         <property name="seleniumVersion" value="3.7.1"/>
         <property name="proxyInformation" value="ProxyInformation{proxyOption=NO_PROXY, proxyServerType=HTTP, password=, proxyServerAddress=, proxyServerPort=0}"/>
         <property name="platform" value="Mac OS X"/>
      </properties>
      <testcase name="Test Cases/Testing_Alert_First_page" classname="Test Cases/Testing_Alert_First_page" status="PASSED">
         <system-out><![CDATA[2018-03-19 12:11:14 - [TEST_CASE][PASSED] - Test Cases/Testing_Alert_First_page: Test Cases/Testing_Alert_First_page

2018-03-19 12:11:15 - [TEST_STEP][PASSED] - openBrowser: Browser is opened with url: ''

2018-03-19 12:11:21 - [MESSAGE][PASSED] - Browser is opened with url: ''

2018-03-19 12:11:21 - [TEST_STEP][PASSED] - navigateToUrl: Navigate to 'https://sso.dev.kargo.com/login?redirect_url=https:%2F%2Fdeal-alerts.dev.kargo.com' successfully

2018-03-19 12:11:31 - [MESSAGE][PASSED] - Navigate to 'https://sso.dev.kargo.com/login?redirect_url=https:%2F%2Fdeal-alerts.dev.kargo.com' successfully

2018-03-19 12:11:31 - [TEST_STEP][PASSED] - setText: Text 'kargoqa@gmail.com' is set on object 'Object Repository/Page_Kargo Login/input_username'

2018-03-19 12:11:31 - [MESSAGE][PASSED] - Text 'kargoqa@gmail.com' is set on object 'Object Repository/Page_Kargo Login/input_username'

2018-03-19 12:11:31 - [TEST_STEP][PASSED] - setText: Text 'K@rgo123!' is set on object 'Object Repository/Page_Kargo Login/input_password'

2018-03-19 12:11:32 - [MESSAGE][PASSED] - Text 'K@rgo123!' is set on object 'Object Repository/Page_Kargo Login/input_password'

2018-03-19 12:11:32 - [TEST_STEP][PASSED] - click: Object: 'Object Repository/Page_Kargo Login/button_Sign In' is clicked on

2018-03-19 12:11:32 - [MESSAGE][PASSED] - Object: 'Object Repository/Page_Kargo Login/button_Sign In' is clicked on

2018-03-19 12:11:32 - [TEST_STEP][PASSED] - click: Object: 'Object Repository/Page_Deal Alerts/span_Deal Stopped' is clicked on

2018-03-19 12:11:39 - [MESSAGE][PASSED] - Object: 'Object Repository/Page_Deal Alerts/span_Deal Stopped' is clicked on

2018-03-19 12:11:39 - [TEST_STEP][PASSED] - takeScreenshot: Taking screenshot successfully

2018-03-19 12:11:39 - [MESSAGE][PASSED] - Taking screenshot successfully
[[ATTACHMENT|/Users/abdullahrashid/Katalon Studio/Deal_Alert_UI_testing/Reports/Suiteone/20180319_121106/1521475899076.png]]

2018-03-19 12:11:39 - [TEST_STEP][PASSED] - click: Object: 'Object Repository/Page_Deal Alerts/i_icon-home icon-24 icon--hove' is clicked on

2018-03-19 12:11:40 - [MESSAGE][PASSED] - Object: 'Object Repository/Page_Deal Alerts/i_icon-home icon-24 icon--hove' is clicked on

2018-03-19 12:11:40 - [TEST_STEP][PASSED] - click: Object: 'Object Repository/Page_Deal Alerts/span_DSP Stopped Buying' is clicked on

2018-03-19 12:11:41 - [MESSAGE][PASSED] - Object: 'Object Repository/Page_Deal Alerts/span_DSP Stopped Buying' is clicked on

2018-03-19 12:11:41 - [TEST_STEP][PASSED] - click: Object: 'Object Repository/Page_Deal Alerts/i_icon-home icon-24 icon--hove' is clicked on

2018-03-19 12:11:41 - [MESSAGE][PASSED] - Object: 'Object Repository/Page_Deal Alerts/i_icon-home icon-24 icon--hove' is clicked on

2018-03-19 12:11:41 - [TEST_STEP][PASSED] - click: Object: 'Object Repository/Page_Deal Alerts/span_DSP Has Bids Below The Fl' is clicked on

2018-03-19 12:11:42 - [MESSAGE][PASSED] - Object: 'Object Repository/Page_Deal Alerts/span_DSP Has Bids Below The Fl' is clicked on

2018-03-19 12:11:42 - [TEST_STEP][PASSED] - click: Object: 'Object Repository/Page_Deal Alerts/i_icon-home icon-24 icon--hove' is clicked on

2018-03-19 12:11:42 - [MESSAGE][PASSED] - Object: 'Object Repository/Page_Deal Alerts/i_icon-home icon-24 icon--hove' is clicked on

2018-03-19 12:11:42 - [TEST_STEP][PASSED] - click: Object: 'Object Repository/Page_Deal Alerts/span_DSP Bidding But Not Winni' is clicked on

2018-03-19 12:11:43 - [MESSAGE][PASSED] - Object: 'Object Repository/Page_Deal Alerts/span_DSP Bidding But Not Winni' is clicked on

2018-03-19 12:11:43 - [TEST_STEP][PASSED] - click: Object: 'Object Repository/Page_Deal Alerts/i_icon-home icon-24 icon--hove' is clicked on

2018-03-19 12:11:43 - [MESSAGE][PASSED] - Object: 'Object Repository/Page_Deal Alerts/i_icon-home icon-24 icon--hove' is clicked on

2018-03-19 12:11:43 - [TEST_STEP][PASSED] - click: Object: 'Object Repository/Page_Deal Alerts/span_DSP Revenue Decrease' is clicked on

2018-03-19 12:11:43 - [MESSAGE][PASSED] - Object: 'Object Repository/Page_Deal Alerts/span_DSP Revenue Decrease' is clicked on

2018-03-19 12:11:43 - [TEST_STEP][PASSED] - click: Object: 'Object Repository/Page_Deal Alerts/i_icon-home icon-24 icon--hove' is clicked on

2018-03-19 12:11:44 - [MESSAGE][PASSED] - Object: 'Object Repository/Page_Deal Alerts/i_icon-home icon-24 icon--hove' is clicked on

2018-03-19 12:11:44 - [TEST_STEP][PASSED] - click: Object: 'Object Repository/Page_Deal Alerts/span_Deal Bidding No Impressio' is clicked on

2018-03-19 12:11:44 - [MESSAGE][PASSED] - Object: 'Object Repository/Page_Deal Alerts/span_Deal Bidding No Impressio' is clicked on

2018-03-19 12:11:44 - [TEST_STEP][PASSED] - click: Object: 'Object Repository/Page_Deal Alerts/i_icon-home icon-24 icon--hove' is clicked on

2018-03-19 12:11:44 - [MESSAGE][PASSED] - Object: 'Object Repository/Page_Deal Alerts/i_icon-home icon-24 icon--hove' is clicked on

2018-03-19 12:11:44 - [TEST_STEP][PASSED] - click: Object: 'Object Repository/Page_Deal Alerts/span_DSP Bid Response Decrease' is clicked on

2018-03-19 12:11:45 - [MESSAGE][PASSED] - Object: 'Object Repository/Page_Deal Alerts/span_DSP Bid Response Decrease' is clicked on

2018-03-19 12:11:45 - [TEST_STEP][PASSED] - click: Object: 'Object Repository/Page_Deal Alerts/i_icon-home icon-24 icon--hove' is clicked on

2018-03-19 12:11:45 - [MESSAGE][PASSED] - Object: 'Object Repository/Page_Deal Alerts/i_icon-home icon-24 icon--hove' is clicked on

2018-03-19 12:11:45 - [TEST_STEP][PASSED] - click: Object: 'Object Repository/Page_Deal Alerts/span_Deal Has Not Started Bidd' is clicked on

2018-03-19 12:11:45 - [MESSAGE][PASSED] - Object: 'Object Repository/Page_Deal Alerts/span_Deal Has Not Started Bidd' is clicked on

2018-03-19 12:11:45 - [TEST_STEP][PASSED] - click: Object: 'Object Repository/Page_Deal Alerts/i_icon-home icon-24 icon--hove' is clicked on

2018-03-19 12:11:46 - [MESSAGE][PASSED] - Object: 'Object Repository/Page_Deal Alerts/i_icon-home icon-24 icon--hove' is clicked on

2018-03-19 12:11:46 - [TEST_STEP][PASSED] - click: Object: 'Object Repository/Page_Deal Alerts/span_Deal Bid Response Decreas' is clicked on

2018-03-19 12:11:46 - [MESSAGE][PASSED] - Object: 'Object Repository/Page_Deal Alerts/span_Deal Bid Response Decreas' is clicked on

2018-03-19 12:11:46 - [TEST_STEP][PASSED] - click: Object: 'Object Repository/Page_Deal Alerts/i_icon-home icon-24 icon--hove' is clicked on

2018-03-19 12:11:47 - [MESSAGE][PASSED] - Object: 'Object Repository/Page_Deal Alerts/i_icon-home icon-24 icon--hove' is clicked on

2018-03-19 12:11:47 - [TEST_STEP][PASSED] - click: Object: 'Object Repository/Page_Deal Alerts/span_Deal Revenue Decrease' is clicked on

2018-03-19 12:11:47 - [MESSAGE][PASSED] - Object: 'Object Repository/Page_Deal Alerts/span_Deal Revenue Decrease' is clicked on

2018-03-19 12:11:47 - [TEST_STEP][PASSED] - click: Object: 'Object Repository/Page_Deal Alerts/i_icon-home icon-24 icon--hove' is clicked on

2018-03-19 12:11:47 - [MESSAGE][PASSED] - Object: 'Object Repository/Page_Deal Alerts/i_icon-home icon-24 icon--hove' is clicked on

2018-03-19 12:11:47 - [TEST_STEP][PASSED] - click: Object: 'Object Repository/Page_Deal Alerts/span_Deal Started Spending' is clicked on

2018-03-19 12:11:48 - [MESSAGE][PASSED] - Object: 'Object Repository/Page_Deal Alerts/span_Deal Started Spending' is clicked on

2018-03-19 12:11:48 - [TEST_STEP][PASSED] - click: Object: 'Object Repository/Page_Deal Alerts/i_icon-home icon-24 icon--hove' is clicked on

2018-03-19 12:11:48 - [MESSAGE][PASSED] - Object: 'Object Repository/Page_Deal Alerts/i_icon-home icon-24 icon--hove' is clicked on

2018-03-19 12:11:48 - [TEST_STEP][PASSED] - click: Object: 'Object Repository/Page_Deal Alerts/span_No Bid Reason - BSW Black' is clicked on

2018-03-19 12:11:48 - [MESSAGE][PASSED] - Object: 'Object Repository/Page_Deal Alerts/span_No Bid Reason - BSW Black' is clicked on

2018-03-19 12:11:48 - [TEST_STEP][PASSED] - click: Object: 'Object Repository/Page_Deal Alerts/i_icon-home icon-24 icon--hove' is clicked on

2018-03-19 12:11:49 - [MESSAGE][PASSED] - Object: 'Object Repository/Page_Deal Alerts/i_icon-home icon-24 icon--hove' is clicked on

2018-03-19 12:11:49 - [TEST_STEP][PASSED] - click: Object: 'Object Repository/Page_Deal Alerts/span_Network Inactive Deals' is clicked on

2018-03-19 12:11:49 - [MESSAGE][PASSED] - Object: 'Object Repository/Page_Deal Alerts/span_Network Inactive Deals' is clicked on

2018-03-19 12:11:49 - [TEST_STEP][PASSED] - click: Object: 'Object Repository/Page_Deal Alerts/i_icon-home icon-24 icon--hove' is clicked on

2018-03-19 12:11:49 - [MESSAGE][PASSED] - Object: 'Object Repository/Page_Deal Alerts/i_icon-home icon-24 icon--hove' is clicked on

2018-03-19 12:11:49 - [TEST_STEP][PASSED] - click: Object: 'Object Repository/Page_Deal Alerts/span_Deal New Advertiser Start' is clicked on

2018-03-19 12:11:50 - [MESSAGE][PASSED] - Object: 'Object Repository/Page_Deal Alerts/span_Deal New Advertiser Start' is clicked on

2018-03-19 12:11:50 - [TEST_STEP][PASSED] - click: Object: 'Object Repository/Page_Deal Alerts/i_icon-home icon-24 icon--hove' is clicked on

2018-03-19 12:11:50 - [MESSAGE][PASSED] - Object: 'Object Repository/Page_Deal Alerts/i_icon-home icon-24 icon--hove' is clicked on

2018-03-19 12:11:50 - [TEST_STEP][PASSED] - click: Object: 'Object Repository/Page_Deal Alerts/span_Network Blacklist - Creat' is clicked on

2018-03-19 12:11:50 - [MESSAGE][PASSED] - Object: 'Object Repository/Page_Deal Alerts/span_Network Blacklist - Creat' is clicked on

2018-03-19 12:11:50 - [TEST_STEP][PASSED] - click: Object: 'Object Repository/Page_Deal Alerts/i_icon-home icon-24 icon--hove' is clicked on

2018-03-19 12:11:50 - [MESSAGE][PASSED] - Object: 'Object Repository/Page_Deal Alerts/i_icon-home icon-24 icon--hove' is clicked on

2018-03-19 12:11:50 - [TEST_STEP][PASSED] - click: Object: 'Object Repository/Page_Deal Alerts/span_Network Subscribe Inactiv' is clicked on

2018-03-19 12:11:51 - [MESSAGE][PASSED] - Object: 'Object Repository/Page_Deal Alerts/span_Network Subscribe Inactiv' is clicked on

2018-03-19 12:11:51 - [TEST_STEP][PASSED] - click: Object: 'Object Repository/Page_Deal Alerts/i_icon-home icon-24 icon--hove' is clicked on

2018-03-19 12:11:51 - [MESSAGE][PASSED] - Object: 'Object Repository/Page_Deal Alerts/i_icon-home icon-24 icon--hove' is clicked on

2018-03-19 12:11:51 - [TEST_STEP][PASSED] - click: Object: 'Object Repository/Page_Deal Alerts/span_Network Unsubscribe Inact' is clicked on

2018-03-19 12:11:51 - [MESSAGE][PASSED] - Object: 'Object Repository/Page_Deal Alerts/span_Network Unsubscribe Inact' is clicked on

2018-03-19 12:11:51 - [TEST_STEP][PASSED] - click: Object: 'Object Repository/Page_Deal Alerts/i_icon-home icon-24 icon--hove' is clicked on

2018-03-19 12:11:51 - [MESSAGE][PASSED] - Object: 'Object Repository/Page_Deal Alerts/i_icon-home icon-24 icon--hove' is clicked on

2018-03-19 12:11:51 - [TEST_STEP][PASSED] - click: Object: 'Object Repository/Page_Deal Alerts/span_New Advertiser Started Bi' is clicked on

2018-03-19 12:11:52 - [MESSAGE][PASSED] - Object: 'Object Repository/Page_Deal Alerts/span_New Advertiser Started Bi' is clicked on

2018-03-19 12:11:52 - [TEST_STEP][PASSED] - click: Object: 'Object Repository/Page_Deal Alerts/i_icon-home icon-24 icon--hove' is clicked on

2018-03-19 12:11:52 - [MESSAGE][PASSED] - Object: 'Object Repository/Page_Deal Alerts/i_icon-home icon-24 icon--hove' is clicked on

2018-03-19 12:11:52 - [TEST_STEP][PASSED] - click: Object: 'Object Repository/Page_Deal Alerts/span_Delivery Method Bid Respo' is clicked on

2018-03-19 12:11:52 - [MESSAGE][PASSED] - Object: 'Object Repository/Page_Deal Alerts/span_Delivery Method Bid Respo' is clicked on

2018-03-19 12:11:52 - [TEST_STEP][PASSED] - click: Object: 'Object Repository/Page_Deal Alerts/i_icon-home icon-24 icon--hove' is clicked on

2018-03-19 12:11:53 - [MESSAGE][PASSED] - Object: 'Object Repository/Page_Deal Alerts/i_icon-home icon-24 icon--hove' is clicked on

2018-03-19 12:11:53 - [TEST_STEP][PASSED] - closeBrowser: Browser is closed

2018-03-19 12:11:53 - [MESSAGE][PASSED] - Browser is closed]]></system-out>
         <system-err><![CDATA[]]></system-err>
      </testcase>
      <system-out><![CDATA[2018-03-19 12:11:12 - [TEST_SUITE][PASSED] - Suiteone: Test Cases/Testing_Alert_First_page]]></system-out>
      <system-err><![CDATA[]]></system-err>
   </testsuite>
</testsuites>
