<?xml version="1.0" encoding="UTF-8"?>
<testsuites name="Suiteone" time="49" tests="1" failures="0" errors="0">
   <testsuite name="Suiteone" tests="1" failures="0" errors="0" time="49" timestamp="2018-04-05 10:07:17" hostname="AbdullahRashid - ip-10-6-226-147.ec2.internal" id="Test Suites/Suiteone">
      <properties>
         <property name="deviceName" value=""/>
         <property name="devicePlatform" value=""/>
         <property name="logFolder" value="/Users/abdullahrashid/Katalon_Studio/Deal_Alert_UI_testing/Reports/Suiteone/20180405_100711"/>
         <property name="logFiles" value="/Users/abdullahrashid/Katalon_Studio/Deal_Alert_UI_testing/Reports/Suiteone/20180405_100711/execution0.log"/>
         <property name="attachments" value="/Users/abdullahrashid/Katalon_Studio/Deal_Alert_UI_testing/Reports/Suiteone/20180405_100711/1522937271383.png"/>
         <property name="hostName" value="AbdullahRashid - ip-10-6-226-147.ec2.internal"/>
         <property name="os" value="Mac OS X 64bit"/>
         <property name="katalonVersion" value="5.3.1.1"/>
         <property name="browser" value="Chrome 65.0.3325.181"/>
         <property name="hostAddress" value="10.6.226.147"/>
         <property name="sessionId" value="64d51c8f1df0abe001c7c5d6b259877a"/>
         <property name="seleniumVersion" value="3.7.1"/>
         <property name="proxyInformation" value="ProxyInformation{proxyOption=NO_PROXY, proxyServerType=HTTP, password=, proxyServerAddress=, proxyServerPort=0}"/>
         <property name="platform" value="Mac OS X"/>
      </properties>
      <testcase name="Test Cases/Testing_Alert_First_page" classname="Test Cases/Testing_Alert_First_page" status="PASSED">
         <system-out><![CDATA[2018-04-05 10:07:18 - [TEST_CASE][PASSED] - Test Cases/Testing_Alert_First_page: Test Cases/Testing_Alert_First_page

2018-04-05 10:07:19 - [TEST_STEP][PASSED] - openBrowser: Browser is opened with url: ''

2018-04-05 10:07:26 - [MESSAGE][PASSED] - Browser is opened with url: ''

2018-04-05 10:07:26 - [TEST_STEP][PASSED] - navigateToUrl: Navigate to 'http://deal-alerts.prod.kargo.com' successfully

2018-04-05 10:07:31 - [MESSAGE][PASSED] - Navigate to 'http://deal-alerts.prod.kargo.com' successfully

2018-04-05 10:07:31 - [TEST_STEP][PASSED] - setText: Text 'kargoqa@gmail.com' is set on object 'Object Repository/Page_Kargo Login/input_username'

2018-04-05 10:07:32 - [MESSAGE][PASSED] - Text 'kargoqa@gmail.com' is set on object 'Object Repository/Page_Kargo Login/input_username'

2018-04-05 10:07:32 - [TEST_STEP][PASSED] - setText: Text 'K@rgo123!' is set on object 'Object Repository/Page_Kargo Login/input_password'

2018-04-05 10:07:32 - [MESSAGE][PASSED] - Text 'K@rgo123!' is set on object 'Object Repository/Page_Kargo Login/input_password'

2018-04-05 10:07:32 - [TEST_STEP][PASSED] - click: Object: 'Object Repository/Page_Kargo Login/button_Sign In' is clicked on

2018-04-05 10:07:32 - [MESSAGE][PASSED] - Object: 'Object Repository/Page_Kargo Login/button_Sign In' is clicked on

2018-04-05 10:07:32 - [TEST_STEP][PASSED] - click: Object: 'Object Repository/Page_Deal Alerts/span_Deal Stopped' is clicked on

2018-04-05 10:07:51 - [MESSAGE][PASSED] - Object: 'Object Repository/Page_Deal Alerts/span_Deal Stopped' is clicked on

2018-04-05 10:07:51 - [TEST_STEP][PASSED] - takeScreenshot: Taking screenshot successfully

2018-04-05 10:07:51 - [MESSAGE][PASSED] - Taking screenshot successfully
[[ATTACHMENT|/Users/abdullahrashid/Katalon_Studio/Deal_Alert_UI_testing/Reports/Suiteone/20180405_100711/1522937271383.png]]

2018-04-05 10:07:51 - [TEST_STEP][PASSED] - click: Object: 'Object Repository/Page_Deal Alerts/i_icon-home icon-24 icon--hove' is clicked on

2018-04-05 10:07:52 - [MESSAGE][PASSED] - Object: 'Object Repository/Page_Deal Alerts/i_icon-home icon-24 icon--hove' is clicked on

2018-04-05 10:07:52 - [TEST_STEP][PASSED] - click: Object: 'Object Repository/Page_Deal Alerts/span_DSP Stopped Buying' is clicked on

2018-04-05 10:07:53 - [MESSAGE][PASSED] - Object: 'Object Repository/Page_Deal Alerts/span_DSP Stopped Buying' is clicked on

2018-04-05 10:07:53 - [TEST_STEP][PASSED] - click: Object: 'Object Repository/Page_Deal Alerts/i_icon-home icon-24 icon--hove' is clicked on

2018-04-05 10:07:53 - [MESSAGE][PASSED] - Object: 'Object Repository/Page_Deal Alerts/i_icon-home icon-24 icon--hove' is clicked on

2018-04-05 10:07:53 - [TEST_STEP][PASSED] - click: Object: 'Object Repository/Page_Deal Alerts/span_DSP Has Bids Below The Fl' is clicked on

2018-04-05 10:07:53 - [MESSAGE][PASSED] - Object: 'Object Repository/Page_Deal Alerts/span_DSP Has Bids Below The Fl' is clicked on

2018-04-05 10:07:53 - [TEST_STEP][PASSED] - click: Object: 'Object Repository/Page_Deal Alerts/i_icon-home icon-24 icon--hove' is clicked on

2018-04-05 10:07:53 - [MESSAGE][PASSED] - Object: 'Object Repository/Page_Deal Alerts/i_icon-home icon-24 icon--hove' is clicked on

2018-04-05 10:07:53 - [TEST_STEP][PASSED] - click: Object: 'Object Repository/Page_Deal Alerts/span_DSP Bidding But Not Winni' is clicked on

2018-04-05 10:07:54 - [MESSAGE][PASSED] - Object: 'Object Repository/Page_Deal Alerts/span_DSP Bidding But Not Winni' is clicked on

2018-04-05 10:07:54 - [TEST_STEP][PASSED] - click: Object: 'Object Repository/Page_Deal Alerts/i_icon-home icon-24 icon--hove' is clicked on

2018-04-05 10:07:54 - [MESSAGE][PASSED] - Object: 'Object Repository/Page_Deal Alerts/i_icon-home icon-24 icon--hove' is clicked on

2018-04-05 10:07:54 - [TEST_STEP][PASSED] - click: Object: 'Object Repository/Page_Deal Alerts/span_DSP Revenue Decrease' is clicked on

2018-04-05 10:07:54 - [MESSAGE][PASSED] - Object: 'Object Repository/Page_Deal Alerts/span_DSP Revenue Decrease' is clicked on

2018-04-05 10:07:54 - [TEST_STEP][PASSED] - click: Object: 'Object Repository/Page_Deal Alerts/i_icon-home icon-24 icon--hove' is clicked on

2018-04-05 10:07:54 - [MESSAGE][PASSED] - Object: 'Object Repository/Page_Deal Alerts/i_icon-home icon-24 icon--hove' is clicked on

2018-04-05 10:07:54 - [TEST_STEP][PASSED] - click: Object: 'Object Repository/Page_Deal Alerts/span_Deal Bidding No Impressio' is clicked on

2018-04-05 10:07:55 - [MESSAGE][PASSED] - Object: 'Object Repository/Page_Deal Alerts/span_Deal Bidding No Impressio' is clicked on

2018-04-05 10:07:55 - [TEST_STEP][PASSED] - click: Object: 'Object Repository/Page_Deal Alerts/i_icon-home icon-24 icon--hove' is clicked on

2018-04-05 10:07:55 - [MESSAGE][PASSED] - Object: 'Object Repository/Page_Deal Alerts/i_icon-home icon-24 icon--hove' is clicked on

2018-04-05 10:07:55 - [TEST_STEP][PASSED] - click: Object: 'Object Repository/Page_Deal Alerts/span_DSP Bid Response Decrease' is clicked on

2018-04-05 10:07:56 - [MESSAGE][PASSED] - Object: 'Object Repository/Page_Deal Alerts/span_DSP Bid Response Decrease' is clicked on

2018-04-05 10:07:56 - [TEST_STEP][PASSED] - click: Object: 'Object Repository/Page_Deal Alerts/i_icon-home icon-24 icon--hove' is clicked on

2018-04-05 10:07:56 - [MESSAGE][PASSED] - Object: 'Object Repository/Page_Deal Alerts/i_icon-home icon-24 icon--hove' is clicked on

2018-04-05 10:07:56 - [TEST_STEP][PASSED] - click: Object: 'Object Repository/Page_Deal Alerts/span_Deal Has Not Started Bidd' is clicked on

2018-04-05 10:07:57 - [MESSAGE][PASSED] - Object: 'Object Repository/Page_Deal Alerts/span_Deal Has Not Started Bidd' is clicked on

2018-04-05 10:07:57 - [TEST_STEP][PASSED] - click: Object: 'Object Repository/Page_Deal Alerts/i_icon-home icon-24 icon--hove' is clicked on

2018-04-05 10:07:57 - [MESSAGE][PASSED] - Object: 'Object Repository/Page_Deal Alerts/i_icon-home icon-24 icon--hove' is clicked on

2018-04-05 10:07:57 - [TEST_STEP][PASSED] - click: Object: 'Object Repository/Page_Deal Alerts/span_Deal Bid Response Decreas' is clicked on

2018-04-05 10:07:57 - [MESSAGE][PASSED] - Object: 'Object Repository/Page_Deal Alerts/span_Deal Bid Response Decreas' is clicked on

2018-04-05 10:07:57 - [TEST_STEP][PASSED] - click: Object: 'Object Repository/Page_Deal Alerts/i_icon-home icon-24 icon--hove' is clicked on

2018-04-05 10:07:58 - [MESSAGE][PASSED] - Object: 'Object Repository/Page_Deal Alerts/i_icon-home icon-24 icon--hove' is clicked on

2018-04-05 10:07:58 - [TEST_STEP][PASSED] - click: Object: 'Object Repository/Page_Deal Alerts/span_Deal Revenue Decrease' is clicked on

2018-04-05 10:07:58 - [MESSAGE][PASSED] - Object: 'Object Repository/Page_Deal Alerts/span_Deal Revenue Decrease' is clicked on

2018-04-05 10:07:58 - [TEST_STEP][PASSED] - click: Object: 'Object Repository/Page_Deal Alerts/i_icon-home icon-24 icon--hove' is clicked on

2018-04-05 10:07:58 - [MESSAGE][PASSED] - Object: 'Object Repository/Page_Deal Alerts/i_icon-home icon-24 icon--hove' is clicked on

2018-04-05 10:07:58 - [TEST_STEP][PASSED] - click: Object: 'Object Repository/Page_Deal Alerts/span_Deal Started Spending' is clicked on

2018-04-05 10:07:59 - [MESSAGE][PASSED] - Object: 'Object Repository/Page_Deal Alerts/span_Deal Started Spending' is clicked on

2018-04-05 10:07:59 - [TEST_STEP][PASSED] - click: Object: 'Object Repository/Page_Deal Alerts/i_icon-home icon-24 icon--hove' is clicked on

2018-04-05 10:07:59 - [MESSAGE][PASSED] - Object: 'Object Repository/Page_Deal Alerts/i_icon-home icon-24 icon--hove' is clicked on

2018-04-05 10:07:59 - [TEST_STEP][PASSED] - click: Object: 'Object Repository/Page_Deal Alerts/span_No Bid Reason - BSW Black' is clicked on

2018-04-05 10:08:00 - [MESSAGE][PASSED] - Object: 'Object Repository/Page_Deal Alerts/span_No Bid Reason - BSW Black' is clicked on

2018-04-05 10:08:00 - [TEST_STEP][PASSED] - click: Object: 'Object Repository/Page_Deal Alerts/i_icon-home icon-24 icon--hove' is clicked on

2018-04-05 10:08:00 - [MESSAGE][PASSED] - Object: 'Object Repository/Page_Deal Alerts/i_icon-home icon-24 icon--hove' is clicked on

2018-04-05 10:08:00 - [TEST_STEP][PASSED] - click: Object: 'Object Repository/Page_Deal Alerts/span_Network Inactive Deals' is clicked on

2018-04-05 10:08:00 - [MESSAGE][PASSED] - Object: 'Object Repository/Page_Deal Alerts/span_Network Inactive Deals' is clicked on

2018-04-05 10:08:00 - [TEST_STEP][PASSED] - click: Object: 'Object Repository/Page_Deal Alerts/i_icon-home icon-24 icon--hove' is clicked on

2018-04-05 10:08:01 - [MESSAGE][PASSED] - Object: 'Object Repository/Page_Deal Alerts/i_icon-home icon-24 icon--hove' is clicked on

2018-04-05 10:08:01 - [TEST_STEP][PASSED] - click: Object: 'Object Repository/Page_Deal Alerts/span_Deal New Advertiser Start' is clicked on

2018-04-05 10:08:01 - [MESSAGE][PASSED] - Object: 'Object Repository/Page_Deal Alerts/span_Deal New Advertiser Start' is clicked on

2018-04-05 10:08:01 - [TEST_STEP][PASSED] - click: Object: 'Object Repository/Page_Deal Alerts/i_icon-home icon-24 icon--hove' is clicked on

2018-04-05 10:08:02 - [MESSAGE][PASSED] - Object: 'Object Repository/Page_Deal Alerts/i_icon-home icon-24 icon--hove' is clicked on

2018-04-05 10:08:02 - [TEST_STEP][PASSED] - click: Object: 'Object Repository/Page_Deal Alerts/span_Network Blacklist - Creat' is clicked on

2018-04-05 10:08:02 - [MESSAGE][PASSED] - Object: 'Object Repository/Page_Deal Alerts/span_Network Blacklist - Creat' is clicked on

2018-04-05 10:08:02 - [TEST_STEP][PASSED] - click: Object: 'Object Repository/Page_Deal Alerts/i_icon-home icon-24 icon--hove' is clicked on

2018-04-05 10:08:02 - [MESSAGE][PASSED] - Object: 'Object Repository/Page_Deal Alerts/i_icon-home icon-24 icon--hove' is clicked on

2018-04-05 10:08:02 - [TEST_STEP][PASSED] - click: Object: 'Object Repository/Page_Deal Alerts/span_Network Subscribe Inactiv' is clicked on

2018-04-05 10:08:03 - [MESSAGE][PASSED] - Object: 'Object Repository/Page_Deal Alerts/span_Network Subscribe Inactiv' is clicked on

2018-04-05 10:08:03 - [TEST_STEP][PASSED] - click: Object: 'Object Repository/Page_Deal Alerts/i_icon-home icon-24 icon--hove' is clicked on

2018-04-05 10:08:03 - [MESSAGE][PASSED] - Object: 'Object Repository/Page_Deal Alerts/i_icon-home icon-24 icon--hove' is clicked on

2018-04-05 10:08:03 - [TEST_STEP][PASSED] - click: Object: 'Object Repository/Page_Deal Alerts/span_Network Unsubscribe Inact' is clicked on

2018-04-05 10:08:04 - [MESSAGE][PASSED] - Object: 'Object Repository/Page_Deal Alerts/span_Network Unsubscribe Inact' is clicked on

2018-04-05 10:08:04 - [TEST_STEP][PASSED] - click: Object: 'Object Repository/Page_Deal Alerts/i_icon-home icon-24 icon--hove' is clicked on

2018-04-05 10:08:04 - [MESSAGE][PASSED] - Object: 'Object Repository/Page_Deal Alerts/i_icon-home icon-24 icon--hove' is clicked on

2018-04-05 10:08:04 - [TEST_STEP][PASSED] - click: Object: 'Object Repository/Page_Deal Alerts/span_New Advertiser Started Bi' is clicked on

2018-04-05 10:08:05 - [MESSAGE][PASSED] - Object: 'Object Repository/Page_Deal Alerts/span_New Advertiser Started Bi' is clicked on

2018-04-05 10:08:05 - [TEST_STEP][PASSED] - click: Object: 'Object Repository/Page_Deal Alerts/i_icon-home icon-24 icon--hove' is clicked on

2018-04-05 10:08:05 - [MESSAGE][PASSED] - Object: 'Object Repository/Page_Deal Alerts/i_icon-home icon-24 icon--hove' is clicked on

2018-04-05 10:08:05 - [TEST_STEP][PASSED] - click: Object: 'Object Repository/Page_Deal Alerts/span_Delivery Method Bid Respo' is clicked on

2018-04-05 10:08:06 - [MESSAGE][PASSED] - Object: 'Object Repository/Page_Deal Alerts/span_Delivery Method Bid Respo' is clicked on

2018-04-05 10:08:06 - [TEST_STEP][PASSED] - click: Object: 'Object Repository/Page_Deal Alerts/i_icon-home icon-24 icon--hove' is clicked on

2018-04-05 10:08:06 - [MESSAGE][PASSED] - Object: 'Object Repository/Page_Deal Alerts/i_icon-home icon-24 icon--hove' is clicked on

2018-04-05 10:08:06 - [TEST_STEP][PASSED] - closeBrowser: Browser is closed

2018-04-05 10:08:06 - [MESSAGE][PASSED] - Browser is closed]]></system-out>
         <system-err><![CDATA[]]></system-err>
      </testcase>
      <system-out><![CDATA[2018-04-05 10:07:17 - [TEST_SUITE][PASSED] - Suiteone: Test Cases/Testing_Alert_First_page]]></system-out>
      <system-err><![CDATA[]]></system-err>
   </testsuite>
</testsuites>
